2018-02-12 21:12:35,400 - INFO - sudoku - Start
2018-02-12 21:12:35,401 - INFO - sudoku.obj - Input: ..46...8..39....4.81..37..6..7..4....2.....3....3..6..7..51..28.8....31..9...34..
2018-02-12 21:12:35,401 - INFO - sudoku.obj - validate() = True
2018-02-12 21:12:35,469 - INFO - sudoku.obj - Input is Solvable, but was not checked for uniqueness...
2018-02-12 21:12:35,470 - INFO - sudoku.obj - pencile() marks: (25,57,,,259,1259,12579,,123579,;256,,,128,258,1258,1257,,1257,;,,25,249,,,259,59,,;13569,56,,1289,25689,,12589,59,1259,;14569,,1568,1789,56789,15689,15789,,14579,;1459,45,158,,25789,12589,,579,124579,;,46,36,,,69,9,,,;2456,,256,2479,24679,269,,,579,;1256,,1256,278,2678,,,567,57,)
2018-02-12 21:12:35,471 - INFO - sudoku.obj - Free gifts       : set:0 pen:0 []
2018-02-12 21:12:35,472 - INFO - sudoku.obj - Crosshatching    : set:8 pen:0 [s(1,0=6),s(0,1=7),s(2,3=4),s(0,8=3),s(3,0=3),s(6,2=3),s(7,4=4),s(8,7=6)]
2018-02-12 21:12:35,472 - INFO - sudoku.obj - Free gifts       : set:0 pen:0 []
2018-02-12 21:12:35,473 - INFO - sudoku.obj - Crosshatching    : set:1 pen:0 [s(6,1=4)]
2018-02-12 21:12:35,473 - INFO - sudoku.obj - Free gifts       : set:0 pen:0 []
2018-02-12 21:12:35,474 - INFO - sudoku.obj - Crosshatching    : set:2 pen:0 [s(7,2=6),s(6,5=6)]
2018-02-12 21:12:35,474 - INFO - sudoku.obj - Free gifts       : set:1 pen:0 [s(6,6=9)]
2018-02-12 21:12:35,474 - INFO - sudoku.obj - Free gifts       : set:0 pen:0 []
2018-02-12 21:12:35,475 - INFO - sudoku.obj - Crosshatching    : set:3 pen:0 [s(2,7=9),s(3,1=6),s(4,4=6)]
2018-02-12 21:12:35,475 - INFO - sudoku.obj - Free gifts       : set:1 pen:0 [s(5,1=5)]
2018-02-12 21:12:35,475 - INFO - sudoku.obj - Free gifts       : set:0 pen:0 []
2018-02-12 21:12:35,476 - INFO - sudoku.obj - Crosshatching    : set:0 pen:0 []
2018-02-12 21:12:35,476 - INFO - sudoku.obj - Naked singles    : set:2 pen:0 [s(3,7=5),s(5,7=7)]
2018-02-12 21:12:35,476 - INFO - sudoku.obj - Free gifts       : set:0 pen:0 []
2018-02-12 21:12:35,477 - INFO - sudoku.obj - Crosshatching    : set:4 pen:0 [s(4,5=5),s(4,3=7),s(8,4=7),s(7,8=7)]
2018-02-12 21:12:35,477 - INFO - sudoku.obj - Free gifts       : set:1 pen:0 [s(8,8=5)]
2018-02-12 21:12:35,478 - INFO - sudoku.obj - Free gifts       : set:0 pen:0 []
2018-02-12 21:12:35,478 - INFO - sudoku.obj - Crosshatching    : set:3 pen:0 [s(1,6=7),s(7,0=5),s(8,3=8)]
2018-02-12 21:12:35,478 - INFO - sudoku.obj - Free gifts       : set:0 pen:0 []
2018-02-12 21:12:35,479 - INFO - sudoku.obj - Crosshatching    : set:2 pen:0 [s(2,2=5),s(0,6=5)]
2018-02-12 21:12:35,479 - INFO - sudoku.obj - Free gifts       : set:3 pen:0 [s(2,6=2),s(0,0=2),s(1,8=1)]
2018-02-12 21:12:35,479 - INFO - sudoku.obj - Free gifts       : set:0 pen:0 []
2018-02-12 21:12:35,480 - INFO - sudoku.obj - Crosshatching    : set:5 pen:0 [s(0,5=1),s(1,4=5),s(3,3=1),s(4,6=1),s(8,2=2)]
2018-02-12 21:12:35,480 - INFO - sudoku.obj - Free gifts       : set:3 pen:0 [s(0,4=9),s(8,0=1),s(3,6=8)]
2018-02-12 21:12:35,480 - INFO - sudoku.obj - Free gifts       : set:0 pen:0 []
2018-02-12 21:12:35,481 - INFO - sudoku.obj - Crosshatching    : set:5 pen:0 [s(1,5=8),s(5,2=1),s(5,4=8),s(5,5=9),s(7,3=9)]
2018-02-12 21:12:35,481 - INFO - sudoku.obj - Free gifts       : set:4 pen:0 [s(1,3=2),s(7,5=2),s(4,2=8),s(3,4=2)]
2018-02-12 21:12:35,481 - INFO - sudoku.obj - Free gifts       : set:1 pen:0 [s(3,8=9)]
2018-02-12 21:12:35,482 - INFO - sudoku.obj - Free gifts       : set:0 pen:0 []
2018-02-12 21:12:35,482 - INFO - sudoku.obj - Crosshatching    : set:2 pen:0 [s(4,0=9),s(5,8=2)]
2018-02-12 21:12:35,482 - INFO - sudoku.obj - Free gifts       : set:2 pen:0 [s(4,8=4),s(5,0=4)]
2018-02-12 21:12:35,482 - INFO - sudoku.obj - Seem to have solved the SuDoKu. Thanks for using SLAP :-)
2018-02-12 21:12:35,483 - INFO - sudoku.obj - validate() = True
2018-02-12 21:12:35,483 - INFO - sudoku.obj - validate() = True
2018-02-12 21:12:35,483 - INFO - sudoku - Stats: {Naked singles:2,Crosshatching:35,Free gifts:16}
